<?xml version="1.0" encoding="UTF-8"?>
<testng-results ignored="0" total="1" passed="1" failed="0" skipped="0">
  <reporter-output>
  </reporter-output>
  <suite started-at="2026-04-17T21:29:21 IST" name="Surefire suite" finished-at="2026-04-17T21:29:25 IST" duration-ms="3451">
    <groups>
    </groups>
    <test started-at="2026-04-17T21:29:21 IST" name="Surefire test" finished-at="2026-04-17T21:29:25 IST" duration-ms="3451">
      <class name="com.example.testScripts.loginTest">
        <test-method is-config="true" signature="launchApp()[pri:0, instance:com.example.testScripts.loginTest@3d8314f0]" started-at="2026-04-17T21:29:21 IST" name="launchApp" finished-at="2026-04-17T21:29:23 IST" duration-ms="1329" status="PASS">
          <reporter-output>
          </reporter-output>
        </test-method> <!-- launchApp -->
        <test-method signature="login()[pri:0, instance:com.example.testScripts.loginTest@3d8314f0]" started-at="2026-04-17T21:29:23 IST" name="login" finished-at="2026-04-17T21:29:25 IST" duration-ms="1977" status="PASS">
          <reporter-output>
          </reporter-output>
        </test-method> <!-- login -->
        <test-method is-config="true" signature="closeBrowser()[pri:0, instance:com.example.testScripts.loginTest@3d8314f0]" started-at="2026-04-17T21:29:25 IST" name="closeBrowser" finished-at="2026-04-17T21:29:25 IST" duration-ms="136" status="PASS">
          <reporter-output>
          </reporter-output>
        </test-method> <!-- closeBrowser -->
      </class> <!-- com.example.testScripts.loginTest -->
    </test> <!-- Surefire test -->
  </suite> <!-- Surefire suite -->
</testng-results>
